<?xml version="1.0" encoding="UTF-8"?>
<testng-results skipped="0" failed="0" ignored="0" total="1" passed="1">
  <reporter-output>
  </reporter-output>
  <suite name="Default suite" duration-ms="1504" started-at="2021-12-06T11:13:41Z" finished-at="2021-12-06T11:13:43Z">
    <groups>
    </groups>
    <test name="Default test" duration-ms="1504" started-at="2021-12-06T11:13:41Z" finished-at="2021-12-06T11:13:43Z">
      <class name="Rest_API.POST_Request">
        <test-method status="PASS" signature="PostCall()[pri:0, instance:Rest_API.POST_Request@22eeefeb]" name="PostCall" duration-ms="1482" started-at="2021-12-06T11:13:41Z" finished-at="2021-12-06T11:13:43Z">
          <reporter-output>
          </reporter-output>
        </test-method> <!-- PostCall -->
      </class> <!-- Rest_API.POST_Request -->
    </test> <!-- Default test -->
  </suite> <!-- Default suite -->
</testng-results>
